Mdi:ArrangeIcons
Mdi:ArrangeIcons
Mdi:ArrangeIcons
wm geometry . 900x785+8+85
Mdi:ArrangeIcons
Mdi:ArrangeIcons
Mdi:ArrangeIcons
ScopeSigMgr:loadpffile /filespace/r/rmwhite4/ece555/ECE555/AND2_FO4/test-1.tr0 1 openonly
# PF:1
wm geometry .sigmgr._PF:1 232x242+768+480
pf:read PF:1 v(in0) v(in1) v(net1)
# WF:1:1 WF:1:2 WF:1:3
Graph addsignal {WF:1:1 WF:1:2 WF:1:3} -region {new new new} -yview {real(y) real(y) real(y)} -xview {real(x) real(x) real(x)} -tracehi {2 2 2}
# Signal0 Signal1 Signal2
Mdi:ArrangeIcons
Mdi:ArrangeIcons
Mdi:ArrangeIcons
wm geometry . 1536x860+0+23
Mdi:ArrangeIcons
Mdi:ArrangeIcons
wm geometry . 1536x860+8+31
Mdi:ArrangeIcons
wm geometry . 1536x860+0+23
wm geometry .sigmgr 376x204+1063+87
wm geometry .sigmgr._PF:1 232x242+1204+336
Mdi:Resize 1029 685
Mdi:Move 5 5
Mdi:ArrangeIcons
wm geometry . 1536x860+8+31
Mdi:ArrangeIcons
wm geometry . 1536x860+0+23
wm geometry .sigmgr 376x204+522+164
wm geometry .sigmgr 376x204+1063+87
wm geometry .sigmgr._PF:1 232x242+768+480
wm geometry .sigmgr._PF:1 232x242+1204+336
Mdi:ArrangeIcons
Mdi:ArrangeIcons
Mdi:ArrangeIcons
Mdi:ArrangeIcons
Mdi:ArrangeIcons
Mdi:ArrangeIcons
Mdi:ArrangeIcons
Mdi:ArrangeIcons
Mdi:ArrangeIcons
Mdi:ArrangeIcons
Mdi:ArrangeIcons
Mdi:ArrangeIcons
Mdi:ArrangeIcons
Mdi:ArrangeIcons
Mdi:ArrangeIcons
Mdi:ArrangeIcons
Mdi:ArrangeIcons
Mdi:ArrangeIcons
Mdi:ArrangeIcons
Mdi:ArrangeIcons
Mdi:ArrangeIcons
Mdi:ArrangeIcons
Mdi:ArrangeIcons
Mdi:ArrangeIcons
