Mdi:ArrangeIcons
Mdi:ArrangeIcons
Mdi:ArrangeIcons
wm geometry . 900x785+8+85
Mdi:ArrangeIcons
Mdi:ArrangeIcons
Mdi:ArrangeIcons
ScopeSigMgr:loadpffile /filespace/r/rmwhite4/ece555/ECE555/XNOR_TG/test-1.tr0 1 openonly
# PF:1
wm geometry .sigmgr._PF:1 232x242+768+480
pf:read PF:1 v(w1) v(x1) v(out)
# WF:1:1 WF:1:2 WF:1:3
Graph addsignal {WF:1:1 WF:1:2 WF:1:3} -region {new new new} -yview {real(y) real(y) real(y)} -xview {real(x) real(x) real(x)} -tracehi {2 2 2}
# Signal0 Signal1 Signal2
Mdi:ArrangeIcons
Mdi:ArrangeIcons
Mdi:ArrangeIcons
wm geometry . 900x785+-20+81
Mdi:ArrangeIcons
wm geometry .sigmgr 376x204+998+146
wm geometry .sigmgr._PF:1 232x242+1132+415
Mdi:ArrangeIcons
wm geometry . 900x785+315+351
wm geometry .sigmgr 376x204+522+164
wm geometry .sigmgr 376x204+998+146
wm geometry .sigmgr._PF:1 232x242+768+480
wm geometry .sigmgr._PF:1 232x242+1132+415
Mdi:ArrangeIcons
Mdi:ArrangeIcons
ScopeSigMgr:Unload 0 {{(1) test-1.tr0}}
Graph0 delsignal Signal0
Graph0 delsignal Signal1
Graph0 delsignal Signal2
Mdi:ArrangeIcons
wm geometry . 900x785+301+298
Mdi:ArrangeIcons
